0.6 0.6 5.19994 0 0 0.00691132
0.859997 0.600045 5.19975 0.00179686 0.000345566 0.0138215
1.11998 0.600225 5.19943 0.00538996 0.00103664 0.0207296
1.37996 0.600629 5.19898 0.0107781 0.00207312 0.0276344
1.6399 0.601347 5.19839 0.0179597 0.00345484 0.0345348
1.89982 0.60247 5.19766 0.0269323 0.00518158 0.0414297
2.1597 0.604086 5.19678 0.0376932 0.00725307 0.0483182
2.41954 0.606284 5.19573 0.0502389 0.00966898 0.0551989
2.67932 0.609155 5.1945 0.0645654 0.0124289 0.062071
2.93904 0.612786 5.19309 0.080668 0.0155325 0.0689333
3.19869 0.617267 5.19147 0.0985415 0.0189791 0.0757847
3.45825 0.622685 5.18963 0.11818 0.0227684 0.0826241
3.71772 0.62913 5.18754 0.139576 0.0268996 0.0894504
3.97708 0.636689 5.18519 0.162724 0.0313721 0.0962627
4.23632 0.645449 5.18256 0.187614 0.0361852 0.10306
4.49542 0.655498 5.17962 0.214238 0.0413382 0.10984
4.75437 0.666921 5.17634 0.242587 0.0468302 0.116604
5.01315 0.679804 5.1727 0.272649 0.0526604 0.123349
5.27175 0.694234 5.16867 0.304413 0.0588279 0.130074
5.53013 0.710295 5.16422 0.337868 0.0653316 0.136779
5.78828 0.728072 5.15932 0.372999 0.0721706 0.143463
6.04618 0.747647 5.15393 0.409793 0.0793437 0.150124
6.30379 0.769103 5.14803 0.448233 0.0868499 0.156761
6.5611 0.792523 5.14157 0.488305 0.0946879 0.163373
6.81808 0.817988 5.13452 0.52999 0.102857 0.169959
7.07469 0.845578 5.12685 0.573269 0.111355 0.176519
7.3309 0.875373 5.11851 0.618123 0.120181 0.183051
7.58668 0.907449 5.10946 0.664531 0.129333 0.189554
7.84199 0.941886 5.09966 0.712469 0.138811 0.196027
8.0968 0.978759 5.08907 0.761915 0.148612 0.202468
8.35106 1.01814 5.07766 0.812843 0.158735 0.208879
8.60472 1.06011 5.06537 0.865226 0.169179 0.215255
8.85775 1.10473 5.05216 0.919037 0.179942 0.221599
9.1101 1.15208 5.03798 0.974245 0.191022 0.227907
9.36172 1.20223 5.0228 1.03082 0.202417 0.234179
9.61255 1.25524 5.00656 1.08873 0.214126 0.240414
9.86254 1.31118 4.98922 1.14794 0.226147 0.246611
10.1117 1.37011 4.97074 1.20841 0.238478 0.252769
10.3598 1.4321 4.95106 1.2701 0.251116 0.258887
10.6069 1.49721 4.93014 1.33298 0.26406 0.264964
10.853 1.56549 4.90794 1.39701 0.277309 0.271
11.0979 1.637 4.8844 1.46213 0.290859 0.276993
11.3416 1.71179 4.85948 1.52832 0.304708 0.282942
11.584 1.78992 4.83313 1.59551 0.318855 0.288846
11.8251 1.87144 4.80531 1.66366 0.333298 0.294705
12.0647 1.95639 4.77598 1.73273 0.348033 0.300517
12.3029 2.04482 4.74508 1.80265 0.363059 0.306282
12.5394 2.13677 4.71257 1.87338 0.378373 0.311998
12.7743 2.23227 4.67842 1.94485 0.393973 0.317665
13.0075 2.33137 4.64258 2.01701 0.409856 0.323282
13.2388 2.43409 4.605 2.08981 0.42602 0.328848
13.4682 2.54047 4.56565 2.16317 0.442462 0.334362
13.6955 2.65053 4.52448 2.23703 0.459181 0.339823
13.9208 2.7643 4.48147 2.31134 0.476172 0.34523
14.1439 2.88179 4.43656 2.38601 0.493433 0.350583
14.3646 3.00303 4.38974 2.46099 0.510962 0.355881
14.583 3.12802 4.34097 2.5362 0.528756 0.361122
14.7989 3.25679 4.29021 2.61157 0.546812 0.366307
15.0122 3.38932 4.23744 2.68703 0.565128 0.371433
15.2228 3.52563 4.18263 2.76249 0.583699 0.376501
15.4306 3.66572 4.12575 2.83789 0.602525 0.381509
15.6355 3.80957 4.06678 2.91315 0.6216 0.386458
15.8375 3.95719 4.00571 2.98817 0.640923 0.391345
16.0363 4.10854 3.94251 3.0629 0.66049 0.39617
16.2319 4.26363 3.87716 3.13723 0.680299 0.400933
16.4242 4.42242 3.80966 3.21109 0.700345 0.405632
16.613 4.5849 3.74 3.28438 0.720627 0.410268
16.7983 4.75103 3.66817 3.35704 0.74114 0.414838
16.9799 4.92077 3.59416 3.42897 0.761882 0.419343
17.1579 5.09409 3.51797 3.50008 0.782849 0.423782
17.3319 5.27094 3.4396 3.57028 0.804038 0.428154
17.5019 5.45128 3.35907 3.63949 0.825446 0.432459
17.6679 5.63506 3.27637 3.70762 0.847069 0.436695
17.8297 5.82221 3.19151 3.77458 0.868904 0.440862
17.9872 6.01269 3.10453 3.84027 0.890947 0.444959
18.1402 6.20641 3.01542 3.90462 0.913195 0.448987
18.2888 6.40332 2.92421 3.96753 0.935644 0.452943
18.4328 6.60333 2.83093 4.0289 0.958291 0.456828
18.572 6.80638 2.7356 4.08867 0.981133 0.46064
18.7064 7.01237 2.63825 4.14672 1.00417 0.46438
18.8359 7.22122 2.53893 4.20299 1.02738 0.468047
18.9604 7.43283 2.43767 4.25737 1.05079 0.47164
19.0798 7.64712 2.3345 4.3098 1.07437 0.475158
19.1939 7.86397 2.22949 4.36017 1.09813 0.478601
19.3028 8.08329 2.12266 4.40842 1.12206 0.481969
19.4062 8.30497 2.01409 4.45445 1.14615 0.48526
19.5042 8.5289 1.90381 4.49819 1.17042 0.488475
19.5966 8.75494 1.7919 4.53956 1.19484 0.491613
19.6835 8.983 1.67841 4.57848 1.21942 0.494673
19.7645 9.21294 1.56341 4.61488 1.24416 0.497655
19.8398 9.44463 1.44697 4.64869 1.26904 0.500558
19.9093 9.67795 1.32916 4.67984 1.29407 0.503383
19.9728 9.91275 1.21005 4.70826 1.31923 0.506127
20.0303 10.1489 1.08972 4.73389 1.34454 0.508793
20.0818 10.3863 0.968259 4.75666 1.36998 0.511377
20.1271 10.6247 0.845742 4.77652 1.39555 0.513881
20.1663 10.864 0.722256 4.7934 1.42124 0.516304
20.1993 11.1041 0.597892 4.80727 1.44706 0.518645
20.2261 11.3449 0.472738 4.81807 1.47299 0.520904
20.2466 11.5861 0.346889 4.82575 1.49904 0.523081
20.2608 11.8275 0.220439 4.83027 1.52519 0.525176
20.2687 12.0692 0.093487 4.83159 1.55145 0.527187
20.2701 12.3108 -0.0338694 4.82968 1.57781 0.529115
20.2652 12.5522 -0.161529 4.82451 1.60426 0.53096
20.254 12.7933 -0.28939 4.81605 1.63081 0.532721
20.2363 13.0339 -0.417348 4.80428 1.65745 0.534397
20.2122 13.2738 -0.545298 4.78918 1.68417 0.53599
20.1818 13.5129 -0.673135 4.77072 1.71097 0.537498
20.1449 13.7509 -0.800753 4.74892 1.73784 0.53892
20.1017 13.9878 -0.928043 4.72374 1.76479 0.540258
20.0521 14.2233 -1.0549 4.69521 1.7918 0.54151
19.9962 14.4573 -1.18121 4.66331 1.81888 0.542677
19.934 14.6897 -1.30687 4.62805 1.84601 0.543759
19.8655 14.9202 -1.43177 4.58944 1.8732 0.544754
19.7908 15.1486 -1.55581 4.54751 1.90044 0.545663
19.7099 15.3749 -1.67887 4.50226 1.92772 0.546486
19.6229 15.5989 -1.80085 4.45372 1.95504 0.547223
19.5298 15.8203 -1.92164 4.40193 1.98241 0.547873
19.4307 16.039 -2.04114 4.3469 2.0098 0.548437
19.3257 16.2549 -2.15925 4.28868 2.03722 0.548915
19.2148 16.4679 -2.27586 4.22731 2.06467 0.549305
19.0981 16.6777 -2.39087 4.16284 2.09213 0.549609
18.9757 16.8841 -2.50418 4.0953 2.11961 0.549826
18.8477 17.0872 -2.61571 4.02476 2.1471 0.549957
18.7142 17.2866 -2.72534 3.95127 2.1746 0.55
18.5752 17.4822 -2.83299 3.87489 2.2021 0.549957
18.4309 17.674 -2.93858 3.79568 2.2296 0.549826
18.2814 17.8617 -3.042 3.71372 2.25709 0.549609
18.1268 18.0453 -3.14318 3.62906 2.28457 0.549305
17.9671 18.2246 -3.24204 3.5418 2.31204 0.548915
17.8026 18.3994 -3.3385 3.45199 2.33948 0.548437
17.6334 18.5697 -3.43247 3.35973 2.3669 0.547873
17.4595 18.7353 -3.5239 3.26509 2.3943 0.547223
17.281 18.8962 -3.61271 3.16817 2.42166 0.546486
17.0983 19.0521 -3.69883 3.06904 2.44898 0.545663
16.9113 19.203 -3.78221 2.9678 2.47627 0.544754
16.7201 19.3488 -3.86278 2.86455 2.5035 0.543759
16.5251 19.4894 -3.9405 2.75938 2.53069 0.542677
16.3262 19.6246 -4.01531 2.65237 2.55783 0.54151
16.1237 19.7545 -4.08716 2.54364 2.5849 0.540258
15.9176 19.8789 -4.15602 2.43329 2.61191 0.53892
15.7082 19.9978 -4.22185 2.32141 2.63886 0.537498
15.4956 20.111 -4.28461 2.2081 2.66574 0.53599
15.2799 20.2185 -4.34427 2.09347 2.69253 0.534397
15.0613 20.3203 -4.4008 1.97763 2.71925 0.532721
14.84 20.4162 -4.4542 1.86068 2.74589 0.53096
14.6161 20.5063 -4.50443 1.74272 2.77244 0.529115
14.3897 20.5904 -4.55149 1.62386 2.79889 0.527187
14.1611 20.6686 -4.59537 1.50421 2.82525 0.525176
13.9304 20.7408 -4.63606 1.38386 2.85151 0.523081
13.6977 20.807 -4.67357 1.26294 2.87767 0.520904
13.4632 20.8671 -4.70789 1.14153 2.90371 0.518645
13.2271 20.9211 -4.73904 1.01975 2.92964 0.516304
12.9895 20.969 -4.76702 0.897694 2.95546 0.513881
12.7506 21.0108 -4.79186 0.775469 2.98115 0.511377
12.5106 21.0465 -4.81358 0.653175 3.00672 0.508793
12.2695 21.0761 -4.83219 0.530912 3.03216 0.506127
12.0276 21.0996 -4.84773 0.408778 3.05747 0.503383
11.785 21.117 -4.86022 0.286869 3.08264 0.500558
11.5418 21.1283 -4.86971 0.165281 3.10767 0.497655
11.2982 21.1335 -4.87623 0.0441057 3.13255 0.494673
11.0544 21.1327 -4.87982 -0.076565 3.15728 0.491613
10.8105 21.1259 -4.88053 -0.196643 3.18186 0.488475
10.5666 21.1131 -4.8784 -0.31604 3.20629 0.48526
10.3229 21.0943 -4.87349 -0.434674 3.23055 0.481969
10.0795 21.0697 -4.86585 -0.552463 3.25465 0.478601
9.83658 21.0391 -4.85554 -0.669327 3.27858 0.475158
9.59422 21.0028 -4.84262 -0.785189 3.30234 0.47164
9.35258 20.9607 -4.82714 -0.899977 3.32592 0.468047
9.11177 20.9128 -4.80919 -1.01362 3.34932 0.46438
8.87192 20.8594 -4.78881 -1.12605 3.37254 0.46064
8.63315 20.8003 -4.76608 -1.2372 3.39557 0.456828
8.39557 20.7358 -4.74108 -1.34701 3.41841 0.452943
8.1593 20.6657 -4.71387 -1.45542 3.44106 0.448987
7.92445 20.5903 -4.68453 -1.56237 3.46351 0.444959
7.69111 20.5096 -4.65313 -1.66781 3.48576 0.440862
7.45939 20.4237 -4.61975 -1.7717 3.5078 0.436695
7.22939 20.3326 -4.58448 -1.87399 3.52963 0.432459
7.00119 20.2364 -4.54738 -1.97462 3.55126 0.428154
6.7749 20.1352 -4.50854 -2.07357 3.57266 0.423782
6.55059 20.0292 -4.46805 -2.17079 3.59385 0.419343
6.32834 19.9183 -4.42598 -2.26625 3.61482 0.414838
6.10823 19.8027 -4.38241 -2.35993 3.63556 0.410268
5.89034 19.6824 -4.33744 -2.45178 3.65608 0.405632
5.67472 19.5577 -4.29114 -2.5418 3.67636 0.400933
5.46145 19.4284 -4.24359 -2.62995 3.6964 0.39617
5.25059 19.2948 -4.19488 -2.71622 3.71621 0.391345
5.04219 19.157 -4.1451 -2.80059 3.73578 0.386458
4.8363 19.015 -4.09432 -2.88305 3.7551 0.381509
4.63297 18.8689 -4.04263 -2.96359 3.77418 0.376501
4.43224 18.7188 -3.99012 -3.0422 3.793 0.371433
4.23416 18.5648 -3.93685 -3.11888 3.81158 0.366307
4.03876 18.4071 -3.88293 -3.19362 3.82989 0.361122
3.84606 18.2457 -3.82841 -3.26644 3.84795 0.355881
3.65611 18.0807 -3.77339 -3.33732 3.86574 0.350583
3.46891 17.9122 -3.71795 -3.40627 3.88327 0.34523
3.28449 17.7402 -3.66215 -3.47331 3.90053 0.339823
3.10287 17.565 -3.60609 -3.53844 3.91752 0.334362
2.92405 17.3866 -3.54982 -3.60167 3.93424 0.328848
2.74805 17.2051 -3.49344 -3.66302 3.95068 0.323282
2.57486 17.0205 -3.437 -3.72251 3.96685 0.317665
2.4045 16.833 -3.38059 -3.78014 3.98273 0.311998
2.23695 16.6427 -3.32428 -3.83595 3.99833 0.306282
2.07221 16.4497 -3.26812 -3.88995 4.01365 0.300517
1.91027 16.254 -3.21219 -3.94216 4.02867 0.294705
1.75112 16.0557 -3.15656 -3.99261 4.04341 0.288846
1.59474 15.8549 -3.10129 -4.04132 4.05785 0.282942
1.44111 15.6517 -3.04644 -4.08832 4.07199 0.276993
1.29021 15.4463 -2.99207 -4.13364 4.08584 0.271
1.14201 15.2386 -2.93825 -4.1773 4.09939 0.264964
0.996486 15.0288 -2.88503 -4.21933 4.11264 0.258887
0.853604 14.8169 -2.83246 -4.25977 4.12559 0.252769
0.71333 14.603 -2.78061 -4.29864 4.13823 0.246611
0.575628 14.3872 -2.72952 -4.33598 4.15056 0.240414
0.440459 14.1696 -2.67925 -4.37181 4.16258 0.234179
0.307779 13.9502 -2.62984 -4.40617 4.17429 0.227907
0.177545 13.7292 -2.58135 -4.43909 4.18568 0.221599
0.0497099 13.5065 -2.53381 -4.47061 4.19676 0.215255
-0.0757753 13.2823 -2.48728 -4.50075 4.20752 0.208879
-0.198962 13.0566 -2.44179 -4.52955 4.21797 0.202468
-0.319903 12.8295 -2.39739 -4.55704 4.22809 0.196027
-0.438654 12.6011 -2.35412 -4.58326 4.23789 0.189554
-0.555273 12.3714 -2.31202 -4.60823 4.24737 0.183051
-0.669818 12.1404 -2.27111 -4.63198 4.25652 0.176519
-0.78235 11.9083 -2.23144 -4.65456 4.26535 0.169959
-0.892931 11.6751 -2.19304 -4.67598 4.27385 0.163373
-1.00163 11.4409 -2.15594 -4.69628 4.28201 0.156761
-1.1085 11.2057 -2.12017 -4.71549 4.28985 0.150124
-1.21362 10.9695 -2.08575 -4.73364 4.29736 0.143463
-1.31706 10.7324 -2.05273 -4.75075 4.30453 0.136779
-1.41889 10.4945 -2.02111 -4.76686 4.31137 0.130074
-1.51917 10.2559 -1.99093 -4.78198 4.31787 0.123349
-1.61797 10.0165 -1.96221 -4.79615 4.32404 0.116604
-1.71539 9.77637 -1.93498 -4.80939 4.32987 0.10984
-1.81147 9.53564 -1.90924 -4.82172 4.33536 0.10306
-1.90631 9.29431 -1.88502 -4.83316 4.34052 0.0962627
-1.99998 9.05243 -1.86233 -4.84374 4.34533 0.0894504
-2.09256 8.81003 -1.8412 -4.85347 4.3498 0.0826241
-2.18412 8.56717 -1.82164 -4.86238 4.35393 0.0757847
-2.27474 8.32388 -1.80365 -4.87047 4.35772 0.0689333
-2.3645 8.0802 -1.78726 -4.87778 4.36117 0.062071
-2.45348 7.83617 -1.77248 -4.8843 4.36427 0.0551989
-2.54177 7.59184 -1.75931 -4.89006 4.36703 0.0483182
-2.62944 7.34723 -1.74777 -4.89507 4.36945 0.0414297
-2.71658 7.10238 -1.73786 -4.89933 4.37152 0.0345348
-2.80326 6.85734 -1.72958 -4.90286 4.37325 0.0276344
-2.88957 6.61214 -1.72295 -4.90566 4.37463 0.0207296
-2.97559 6.36681 -1.71797 -4.90774 4.37567 0.0138215
-3.0614 6.12139 -1.71464 -4.90911 4.37636 0.00691132
-3.14709 5.87592 -1.71297 -4.90976 4.3767 -1.76894e-16
-3.23274 5.63043 -1.71295 -4.9097 4.3767 -0.00691132
-3.31843 5.38496 -1.71458 -4.90893 4.37636 -0.0138215
-3.40424 5.13955 -1.71787 -4.90745 4.37567 -0.0207296
-3.49026 4.89422 -1.72281 -4.90525 4.37463 -0.0276344
-3.57657 4.64902 -1.72939 -4.90233 4.37325 -0.0345348
-3.66325 4.40398 -1.73763 -4.89868 4.37152 -0.0414297
-3.75039 4.15913 -1.74749 -4.8943 4.36945 -0.0483182
-3.83806 3.91452 -1.75899 -4.88918 4.36703 -0.0551989
-3.92635 3.67019 -1.77212 -4.8833 4.36427 -0.062071
-4.01533 3.42616 -1.78686 -4.87666 4.36117 -0.0689333
-4.10509 3.18248 -1.8032 -4.86925 4.35772 -0.0757847
-4.19571 2.93919 -1.82113 -4.86104 4.35393 -0.0826241
-4.28727 2.69633 -1.84065 -4.85202 4.3498 -0.0894504
-4.37985 2.45393 -1.86173 -4.84218 4.34533 -0.0962627
-4.47352 2.21205 -1.88436 -4.83149 4.34052 -0.10306
-4.56836 1.97072 -1.90853 -4.81994 4.33536 -0.10984
-4.66444 1.72998 -1.93422 -4.80751 4.32987 -0.116604
-4.76186 1.48989 -1.9614 -4.79417 4.32404 -0.123349
-4.86066 1.25049 -1.99007 -4.7799 4.31787 -0.130074
-4.96095 1.01182 -2.02019 -4.76468 4.31137 -0.136779
-5.06277 0.77393 -2.05174 -4.74848 4.30453 -0.143463
-5.16621 0.536876 -2.08471 -4.73127 4.29736 -0.150124
-5.27133 0.300706 -2.11906 -4.71303 4.28985 -0.156761
-5.3782 0.0654719 -2.15477 -4.69374 4.28201 -0.163373
-5.4869 -0.168772 -2.1918 -4.67335 4.27385 -0.169959
-5.59748 -0.401971 -2.23014 -4.65185 4.26535 -0.176519
-5.71001 -0.634069 -2.26974 -4.62919 4.25652 -0.183051
-5.82456 -0.865006 -2.31058 -4.60536 4.24737 -0.189554
-5.94118 -1.09472 -2.35262 -4.58032 4.23789 -0.196027
-6.05993 -1.32316 -2.39581 -4.55404 4.22809 -0.202468
-6.18087 -1.55025 -2.44014 -4.52648 4.21797 -0.208879
-6.30406 -1.77593 -2.48555 -4.49762 4.20752 -0.215255
-6.42954 -2.00014 -2.532 -4.46742 4.19676 -0.221599
-6.55738 -2.22281 -2.57946 -4.43585 4.18568 -0.227907
-6.68761 -2.44386 -2.62788 -4.40288 4.17429 -0.234179
-6.82029 -2.66323 -2.6772 -4.36847 4.16258 -0.240414
-6.95546 -2.88084 -2.7274 -4.3326 4.15056 -0.246611
-7.09316 -3.09663 -2.7784 -4.29523 4.13823 -0.252769
-7.23344 -3.3105 -2.83017 -4.25632 4.12559 -0.258887
-7.37632 -3.5224 -2.88265 -4.21586 4.11264 -0.264964
-7.52184 -3.73223 -2.93579 -4.1738 4.09939 -0.271
-7.67004 -3.93992 -2.98953 -4.13012 4.08584 -0.276993
-7.82094 -4.14538 -3.04381 -4.08479 4.07199 -0.282942
-7.97457 -4.34854 -3.09857 -4.03778 4.05785 -0.288846
-8.13095 -4.5493 -3.15376 -3.98906 4.04341 -0.294705
-8.2901 -4.74759 -3.2093 -3.93862 4.02867 -0.300517
-8.45204 -4.94331 -3.26514 -3.88641 4.01365 -0.306282
-8.61678 -5.13637 -3.32121 -3.83242 3.99833 -0.311998
-8.78433 -5.32669 -3.37745 -3.77663 3.98273 -0.317665
-8.95469 -5.51417 -3.43377 -3.71901 3.96685 -0.323282
-9.12788 -5.69872 -3.49012 -3.65955 3.95068 -0.328848
-9.30388 -5.88026 -3.54643 -3.59823 3.93424 -0.334362
-9.4827 -6.05868 -3.60261 -3.53503 3.91752 -0.339823
-9.66432 -6.23389 -3.6586 -3.46994 3.90053 -0.34523
-9.84874 -6.4058 -3.71431 -3.40295 3.88327 -0.350583
-10.0359 -6.57431 -3.76969 -3.33404 3.86574 -0.355881
-10.2259 -6.73933 -3.82463 -3.26321 3.84795 -0.361122
-10.4186 -6.90075 -3.87907 -3.19046 3.82989 -0.366307
-10.614 -7.05849 -3.93293 -3.11577 3.81158 -0.371433
-10.8121 -7.21245 -3.98613 -3.03916 3.793 -0.376501
-11.0128 -7.36252 -4.03859 -2.96062 3.77418 -0.381509
-11.2161 -7.50862 -4.09021 -2.88015 3.7551 -0.386458
-11.422 -7.65064 -4.14093 -2.79777 3.73578 -0.391345
-11.6304 -7.78849 -4.19066 -2.71349 3.71621 -0.39617
-11.8413 -7.92208 -4.23932 -2.6273 3.6964 -0.400933
-12.0546 -8.05131 -4.28682 -2.53924 3.67636 -0.405632
-12.2702 -8.17609 -4.33309 -2.44932 3.65608 -0.410268
-12.4881 -8.29633 -4.37802 -2.35756 3.63556 -0.414838
-12.7082 -8.41193 -4.42156 -2.26399 3.61482 -0.419343
-12.9304 -8.5228 -4.4636 -2.16863 3.59385 -0.423782
-13.1547 -8.62886 -4.50407 -2.07151 3.57266 -0.428154
-13.381 -8.73002 -4.54289 -1.97267 3.55126 -0.432459
-13.6092 -8.82619 -4.57997 -1.87214 3.52963 -0.436695
-13.8392 -8.91729 -4.61524 -1.76997 3.5078 -0.440862
-14.0709 -9.00324 -4.64861 -1.6662 3.48576 -0.444959
-14.3043 -9.08395 -4.68001 -1.56086 3.46351 -0.448987
-14.5391 -9.15936 -4.70936 -1.45402 3.44106 -0.452943
-14.7754 -9.22939 -4.73658 -1.34573 3.41841 -0.456828
-15.013 -9.29397 -4.76161 -1.23603 3.39557 -0.46064
-15.2517 -9.35302 -4.78436 -1.125 3.37254 -0.46438
-15.4916 -9.40649 -4.80476 -1.01269 3.34932 -0.468047
-15.7324 -9.45431 -4.82275 -0.899159 3.32592 -0.47164
-15.9741 -9.49642 -4.83827 -0.784484 3.30234 -0.475158
-16.2164 -9.53277 -4.85124 -0.668734 3.27858 -0.478601
-16.4594 -9.5633 -4.8616 -0.55198 3.25465 -0.481969
-16.7027 -9.58797 -4.8693 -0.434301 3.23055 -0.48526
-16.9464 -9.60673 -4.87427 -0.315773 3.20629 -0.488475
-17.1903 -9.61954 -4.87646 -0.196479 3.18186 -0.491613
-17.4342 -9.62636 -4.87583 -0.0765024 3.15728 -0.494673
-17.6781 -9.62717 -4.87232 0.0440703 3.13255 -0.497655
-17.9216 -9.62194 -4.86588 0.165151 3.10767 -0.500558
-18.1648 -9.61064 -4.85648 0.286648 3.08264 -0.503383
-18.4074 -9.59325 -4.84408 0.40847 3.05747 -0.506127
-18.6493 -9.56977 -4.82864 0.530522 3.03216 -0.508793
-18.8904 -9.54017 -4.81012 0.652707 3.00672 -0.511377
-19.1305 -9.50447 -4.78851 0.774927 2.98115 -0.513881
-19.3694 -9.46265 -4.76378 0.897083 2.95546 -0.516304
-19.6069 -9.41472 -4.73591 1.01907 2.92964 -0.518645
-19.8431 -9.36071 -4.70487 1.1408 2.90371 -0.520904
-20.0775 -9.30061 -4.67066 1.26215 2.87767 -0.523081
-20.3102 -9.23446 -4.63328 1.38303 2.85151 -0.525176
-20.5409 -9.16227 -4.59271 1.50334 2.82525 -0.527187
-20.7696 -9.08409 -4.54895 1.62296 2.79889 -0.529115
-20.9959 -8.99994 -4.50202 1.74179 2.77244 -0.53096
-21.2198 -8.90987 -4.45191 1.85972 2.74589 -0.532721
-21.4412 -8.81393 -4.39865 1.97666 2.71925 -0.534397
-21.6597 -8.71217 -4.34224 2.0925 2.69253 -0.53599
-21.8754 -8.60465 -4.2827 2.20712 2.66574 -0.537498
-22.0881 -8.49143 -4.22007 2.32043 2.63886 -0.53892
-22.2975 -8.37258 -4.15437 2.43232 2.61191 -0.540258
-22.5035 -8.24817 -4.08564 2.5427 2.5849 -0.54151
-22.7061 -8.11829 -4.01391 2.65145 2.55783 -0.542677
-22.9049 -7.98301 -3.93923 2.75848 2.53069 -0.543759
-23.1 -7.84243 -3.86163 2.8637 2.5035 -0.544754
-23.2911 -7.69663 -3.78118 2.967 2.47627 -0.545663
-23.4781 -7.54572 -3.69792 3.06828 2.44898 -0.546486
-23.6609 -7.3898 -3.61191 3.16746 2.42166 -0.547223
-23.8393 -7.22897 -3.52321 3.26445 2.3943 -0.547873
-24.0132 -7.06336 -3.43189 3.35916 2.3669 -0.548437
-24.1825 -6.89307 -3.33801 3.45149 2.33948 -0.548915
-24.347 -6.71823 -3.24166 3.54138 2.31204 -0.549305
-24.5066 -6.53896 -3.14289 3.62873 2.28457 -0.549609
-24.6612 -6.35538 -3.0418 3.71347 2.25709 -0.549826
-24.8107 -6.16764 -2.93846 3.79553 2.2296 -0.549957
-24.955 -5.97587 -2.83295 3.87484 2.2021 -0.55
-25.094 -5.7802 -2.72537 3.95132 2.1746 -0.549957
-25.2276 -5.58079 -2.61581 4.02492 2.1471 -0.549826
-25.3556 -5.37777 -2.50435 4.09557 2.11961 -0.549609
-25.4779 -5.1713 -2.39109 4.16322 2.09213 -0.549305
-25.5946 -4.96152 -2.27613 4.22781 2.06467 -0.548915
-25.7055 -4.7486 -2.15956 4.2893 2.03722 -0.548437
-25.8105 -4.53268 -2.04149 4.34764 2.0098 -0.547873
-25.9096 -4.31392 -1.92202 4.40279 1.98241 -0.547223
-26.0027 -4.0925 -1.80125 4.45471 1.95504 -0.546486
-26.0897 -3.86856 -1.67928 4.50337 1.92772 -0.545663
-26.1706 -3.64227 -1.55623 4.54875 1.90044 -0.544754
-26.2453 -3.41381 -1.4322 4.59081 1.8732 -0.543759
-26.3138 -3.18332 -1.30729 4.62954 1.84601 -0.542677
-26.376 -2.95098 -1.18162 4.66493 1.81888 -0.54151
-26.4319 -2.71697 -1.05529 4.69696 1.7918 -0.540258
-26.4815 -2.48143 -0.928411 4.72562 1.76479 -0.53892
-26.5247 -2.24456 -0.80109 4.75091 1.73784 -0.537498
-26.5616 -2.0065 -0.673434 4.77284 1.71097 -0.53599
-26.5921 -1.76744 -0.545553 4.79141 1.68417 -0.534397
-26.6161 -1.52753 -0.417552 4.80664 1.65745 -0.532721
-26.6338 -1.28695 -0.289538 4.81852 1.63081 -0.53096
-26.6451 -1.04586 -0.161616 4.8271 1.60426 -0.529115
-26.65 -0.804425 -0.0338883 4.83238 1.57781 -0.527187
-26.6485 -0.562811 0.0935412 4.83439 1.55145 -0.525176
-26.6406 -0.321181 0.220572 4.83317 1.52519 -0.523081
-26.6264 -0.0796947 0.347104 4.82874 1.49904 -0.520904
-26.6059 0.161489 0.473041 4.82116 1.47299 -0.518645
-26.5792 0.402213 0.598287 4.81045 1.44706 -0.516304
-26.5462 0.642323 0.722748 4.79667 1.42124 -0.513881
-26.5069 0.881666 0.846334 4.77986 1.39555 -0.511377
-26.4616 1.12009 0.968955 4.76007 1.36998 -0.508793
-26.4101 1.35745 1.09053 4.73737 1.34454 -0.506127
-26.3526 1.59361 1.21096 4.71181 1.31923 -0.503383
-26.2891 1.82841 1.33018 4.68345 1.29407 -0.500558
-26.2197 2.06173 1.44811 4.65235 1.26904 -0.497655
-26.1444 2.29342 1.56467 4.61859 1.24416 -0.494673
-26.0633 2.52336 1.67979 4.58223 1.21942 -0.491613
-25.9765 2.75141 1.79339 4.54334 1.19484 -0.488475
-25.8841 2.97746 1.90543 4.502 1.17042 -0.48526
-25.7861 3.20139 2.01582 4.45828 1.14615 -0.481969
-25.6826 3.42306 2.12452 4.41227 1.12206 -0.478601
-25.5737 3.64239 2.23146 4.36404 1.09813 -0.475158
-25.4596 3.85924 2.3366 4.31367 1.07437 -0.47164
-25.3402 4.07353 2.43989 4.26125 1.05079 -0.468047
-25.2157 4.28514 2.54127 4.20686 1.02738 -0.46438
-25.0863 4.49399 2.64071 4.15058 1.00417 -0.46064
-24.9518 4.69998 2.73817 4.09251 0.981133 -0.456828
-24.8126 4.90303 2.83361 4.03273 0.958291 -0.452943
-24.6686 5.10304 2.92701 3.97132 0.935644 -0.448987
-24.5201 5.29995 3.01833 3.90839 0.913195 -0.444959
-24.367 5.49367 3.10754 3.84401 0.890947 -0.440862
-24.2095 5.68414 3.19464 3.77827 0.868904 -0.436695
-24.0477 5.8713 3.27959 3.71127 0.847069 -0.432459
-23.8818 6.05508 3.36239 3.64309 0.825446 -0.428154
-23.7117 6.23542 3.44302 3.57383 0.804038 -0.423782
-23.5377 6.41227 3.52148 3.50357 0.782849 -0.419343
-23.3598 6.58559 3.59775 3.4324 0.761882 -0.414838
-23.1781 6.75533 3.67185 3.36041 0.74114 -0.410268
-22.9928 6.92146 3.74376 3.28768 0.720627 -0.405632
-22.804 7.08393 3.8135 3.21431 0.700345 -0.400933
-22.6117 7.24273 3.88106 3.14038 0.680299 -0.39617
-22.4161 7.39782 3.94647 3.06598 0.66049 -0.391345
-22.2173 7.54917 4.00974 2.99118 0.640923 -0.386458
-22.0154 7.69679 4.07087 2.91607 0.6216 -0.381509
-21.8105 7.84064 4.12989 2.84074 0.602525 -0.376501
-21.6026 7.98072 4.18681 2.76526 0.583699 -0.371433
-21.392 8.11703 4.24166 2.68971 0.565128 -0.366307
-21.1787 8.24957 4.29447 2.61417 0.546812 -0.361122
-20.9628 8.37833 4.34526 2.53871 0.528756 -0.355881
-20.7444 8.50333 4.39406 2.46341 0.510962 -0.350583
-20.5237 8.62457 4.4409 2.38835 0.493433 -0.34523
-20.3006 8.74206 4.48582 2.31358 0.476172 -0.339823
-20.0753 8.85583 4.52884 2.23919 0.459181 -0.334362
-19.848 8.96589 4.57001 2.16524 0.442462 -0.328848
-19.6186 9.07227 4.60937 2.09179 0.42602 -0.323282
-19.3873 9.17499 4.64694 2.01891 0.409856 -0.317665
-19.1542 9.27409 4.68278 1.94666 0.393973 -0.311998
-18.9193 9.36959 4.71692 1.8751 0.378373 -0.306282
-18.6827 9.46154 4.7494 1.80429 0.363059 -0.300517
-18.4446 9.54996 4.78028 1.73429 0.348033 -0.294705
-18.2049 9.63492 4.80959 1.66514 0.333298 -0.288846
-17.9639 9.71643 4.83737 1.59691 0.318855 -0.282942
-17.7214 9.79457 4.86368 1.52964 0.304708 -0.276993
-17.4777 9.86936 4.88856 1.46338 0.290859 -0.271
-17.2328 9.94087 4.91205 1.39818 0.277309 -0.264964
-16.9868 10.0091 4.93421 1.33408 0.26406 -0.258887
-16.7396 10.0743 4.95507 1.27113 0.251116 -0.252769
-16.4915 10.1362 4.97469 1.20937 0.238478 -0.246611
-16.2424 10.1952 4.99311 1.14883 0.226147 -0.240414
-15.9924 10.2511 5.01039 1.08956 0.214126 -0.234179
-15.7416 10.3041 5.02655 1.03159 0.202417 -0.227907
-15.4899 10.3543 5.04166 0.974957 0.191022 -0.221599
-15.2376 10.4016 5.05576 0.919692 0.179942 -0.215255
-14.9846 10.4462 5.06889 0.865828 0.169179 -0.208879
-14.7309 10.4882 5.0811 0.813394 0.158735 -0.202468
-14.4766 10.5276 5.09243 0.762418 0.148612 -0.196027
-14.2218 10.5645 5.10293 0.712926 0.138811 -0.189554
-13.9665 10.5989 5.11263 0.664944 0.129333 -0.183051
-13.7107 10.631 5.12159 0.618496 0.120181 -0.176519
-13.4545 10.6608 5.12983 0.573603 0.111355 -0.169959
-13.1979 10.6884 5.13741 0.530288 0.102857 -0.163373
-12.9409 10.7138 5.14436 0.48857 0.0946879 -0.156761
-12.6836 10.7373 5.15071 0.448467 0.0868499 -0.150124
-12.426 10.7587 5.15651 0.409997 0.0793437 -0.143463
-12.1681 10.7783 5.16179 0.373177 0.0721706 -0.136779
-11.91 10.7961 5.16658 0.338022 0.0653316 -0.130074
-11.6516 10.8121 5.17092 0.304546 0.0588279 -0.123349
-11.393 10.8265 5.17484 0.272761 0.0526604 -0.116604
-11.1342 10.8394 5.17836 0.242681 0.0468302 -0.10984
-10.8753 10.8509 5.18153 0.214317 0.0413382 -0.10306
-10.6161 10.8609 5.18435 0.187679 0.0361852 -0.0962627
-10.3569 10.8697 5.18687 0.162776 0.0313721 -0.0894504
-10.0976 10.8772 5.1891 0.139618 0.0268996 -0.0826241
-9.83809 10.8837 5.19106 0.118212 0.0227684 -0.0757847
-9.57852 10.8891 5.19278 0.0985664 0.0189791 -0.0689333
-9.31887 10.8936 5.19428 0.0806865 0.0155325 -0.062071
-9.05915 10.8972 5.19557 0.0645787 0.0124289 -0.0551989
-8.79937 10.9001 5.19667 0.050248 0.00966898 -0.0483182
-8.53953 10.9023 5.19759 0.0376992 0.00725307 -0.0414297
-8.27965 10.9039 5.19835 0.0269359 0.00518158 -0.0345348
-8.01974 10.905 5.19896 0.0179617 0.00345484 -0.0276344
-7.75979 10.9057 5.19942 0.0107791 0.00207312 -0.0207296
-7.49981 10.9061 5.19975 0.00539029 0.00103664 -0.0138215
-7.23983 10.9063 5.19994 0.00179692 0.000345566 -0.00691132
