0.312243 0.58034 0 0 0
0.735392 0.629523 7.20253 2.95728e-17 8.46809e-18
1.1605 0.494947 7.20561 -0.127201 -0.0118542
1.25804 0.533077 7.19086 0.12277 0.0306239
1.6158 0.595363 7.20432 0.161565 0.0462119
1.8511 0.56185 6.01205 0.0252866 -0.233868
2.16302 0.591206 6.01165 0.0399939 -0.178096
2.37893 0.637065 5.61033 0.0555703 -0.344165
2.65637 0.654107 5.60764 0.0442685 -0.322012
2.92284 0.647626 5.54264 -0.00377058 -0.476552
3.1589 0.643132 5.49866 -0.0171887 -0.44124
3.44436 0.539173 5.53034 -0.165423 -0.854102
3.74745 0.427015 5.5953 -0.283754 -1.07351
4.0284 0.510973 5.55608 -0.147443 -0.552307
4.30239 0.502808 5.53866 -0.140495 -0.468966
4.56344 0.537856 5.4619 -0.101222 -0.33458
4.75408 0.643268 5.30676 -0.00182134 -0.0935136
5.00678 0.641294 5.24617 -0.0107706 -0.103708
5.30737 0.63936 5.29307 -0.0158988 -0.103342
5.56507 0.647297 5.3033 -0.00969217 -0.082313
5.85814 0.664549 5.33383 -0.000436505 -0.0600925
6.10167 0.590549 5.27959 -0.0540723 -0.14224
6.35794 0.70455 5.25341 0.0208792 -0.0170988
6.60929 0.735294 5.21741 0.0348433 0.00412275
6.85693 0.735004 5.20345 0.0298528 -0.00307839
7.10202 0.717819 5.13881 0.0140893 -0.0257204
7.32373 0.802373 5.09368 0.0582657 0.0349441
7.61249 0.813602 5.16862 0.0578452 0.0323744
7.86214 0.793727 5.15978 0.0414014 0.00961674
8.11339 0.810696 5.11662 0.0442805 0.0115765
8.35116 0.829515 5.09617 0.0490555 0.0169055
8.61691 0.915433 5.15507 0.0867362 0.0627078
8.8537 0.975144 5.13304 0.108375 0.0851283
9.14062 1.01275 5.1799 0.116003 0.0887515
9.37734 1.0474 5.15651 0.123151 0.0922416
9.65439 1.11788 5.19838 0.144725 0.112035
9.92516 1.24519 5.22374 0.190888 0.159677
10.1756 1.33293 5.18658 0.217349 0.182817
10.4014 1.41572 5.15909 0.239779 0.198986
10.6362 1.4999 5.09652 0.262889 0.217384
10.8631 1.53522 5.0682 0.260647 0.202417
11.1269 1.58649 5.09692 0.261867 0.19094
11.4041 1.63528 5.12898 0.260558 0.177499
11.6368 1.69372 5.09157 0.26774 0.176784
11.8674 1.76014 5.07455 0.277031 0.177586
12.1211 1.8484 5.11389 0.291706 0.182886
12.3637 1.88025 5.09831 0.282016 0.160777
12.6179 1.94081 5.1294 0.282687 0.150415
12.8187 2.07428 5.09905 0.322031 0.188429
13.0824 2.17853 5.16866 0.336349 0.190784
13.2855 2.31946 5.14372 0.374515 0.224888
13.4695 2.46398 5.06068 0.417987 0.268242
13.7174 2.58061 5.08586 0.434528 0.271528
13.9377 2.69396 5.06929 0.45251 0.278043
14.1653 2.84732 5.08986 0.483902 0.298135
14.4132 2.9546 5.13871 0.485615 0.277477
14.6205 3.03131 5.09458 0.483678 0.25991
14.8504 3.18068 5.13967 0.505184 0.265891
15.0565 3.37199 5.15866 0.54865 0.300603
15.2683 3.53638 5.15328 0.579095 0.321391
15.4806 3.72368 5.17948 0.613583 0.342183
15.6928 3.85764 5.17011 0.623631 0.334252
15.9136 4.00291 5.1778 0.634952 0.327864
16.1102 4.16741 5.14742 0.662442 0.347262
16.3075 4.36194 5.16906 0.693853 0.362927
16.5173 4.52495 5.18254 0.706736 0.355513
16.6961 4.69526 5.16744 0.728408 0.360331
16.8504 4.89255 5.10355 0.775466 0.408752
17.0156 5.11582 5.12613 0.814777 0.429775
17.185 5.29023 5.09934 0.835764 0.433701
17.3458 5.47223 5.08473 0.856474 0.432985
17.5011 5.64771 5.04569 0.878978 0.440353
17.696 5.77382 5.00919 0.868493 0.404577
17.8378 5.97617 4.98135 0.903768 0.430615
18.0136 6.16304 4.98982 0.915258 0.419058
18.1613 6.37286 4.99678 0.940835 0.425009
18.2843 6.60537 5.01074 0.977303 0.441801
18.4146 6.82168 5.00609 1.00644 0.4531
18.5642 6.96205 4.94185 1.00274 0.425209
18.7118 7.1693 4.96228 1.01364 0.407722
18.9095 7.30837 4.92737 0.992443 0.362181
18.996 7.51923 4.87593 1.03547 0.402545
19.089 7.77315 4.90614 1.07641 0.425115
19.2082 7.98315 4.90402 1.093 0.418557
19.2889 8.19634 4.88099 1.12229 0.428298
19.3867 8.40944 4.87782 1.13963 0.418785
19.4825 8.56095 4.79348 1.14497 0.403492
19.5715 8.77415 4.77546 1.16974 0.4131
19.7342 8.94572 4.75191 1.15445 0.374269
19.8055 9.17136 4.73608 1.18927 0.400405
19.9375 9.38977 4.75416 1.19246 0.38167
19.9808 9.61673 4.72 1.23873 0.42584
20.0702 9.84964 4.73723 1.25644 0.421604
20.1297 10.0972 4.76596 1.28242 0.422001
20.1796 10.3613 4.80388 1.31571 0.434408
20.1949 10.599 4.78069 1.36353 0.475112
20.255 10.8651 4.8246 1.38742 0.474218
20.2839 11.1192 4.84532 1.41621 0.476518
20.3186 11.3566 4.8426 1.43961 0.47613
20.2645 11.6063 4.81268 1.51585 0.558477
20.3364 11.846 4.82197 1.5201 0.53312
20.3616 12.0801 4.8295 1.52663 0.494171
20.35 12.361 4.87935 1.56236 0.504169
20.3001 12.6005 4.85594 1.62061 0.559427
20.3249 12.8406 4.85427 1.63316 0.543372
20.3112 13.0734 4.84004 1.66071 0.547988
20.2755 13.2894 4.80832 1.69097 0.552015
20.2362 13.5245 4.80707 1.71826 0.547709
20.2166 13.7805 4.8299 1.73897 0.540034
20.1599 14.0092 4.81697 1.77602 0.558218
20.1056 14.2617 4.84052 1.80465 0.558177
20.0335 14.4908 4.83654 1.83671 0.561656
19.9265 14.7417 4.8711 1.87917 0.575296
19.8594 14.9608 4.85546 1.89727 0.55438
19.8267 15.1813 4.8294 1.90784 0.537718
19.6938 15.3928 4.81701 1.98185 0.626939
19.6613 15.5867 4.75843 1.99091 0.606084
19.5657 15.794 4.74628 2.01826 0.600664
19.4627 16.0063 4.74502 2.04728 0.599674
19.3601 16.2155 4.7417 2.06419 0.572233
19.2497 16.3944 4.70443 2.09428 0.575002
19.1304 16.5926 4.69918 2.12423 0.578064
19.0019 16.7996 4.71143 2.15265 0.577171
18.845 16.9918 4.72424 2.21 0.634749
18.6761 17.2203 4.78929 2.24359 0.634462
18.572 17.4253 4.77414 2.231 0.552455
18.3614 17.6125 4.81839 2.27778 0.570267
18.2251 17.8036 4.81015 2.28226 0.523879
18.0921 17.9901 4.79754 2.29933 0.515133
17.9162 18.1461 4.78701 2.3414 0.543878
17.7814 18.2919 4.73403 2.36351 0.540378
17.6468 18.4743 4.72201 2.37091 0.51299
17.455 18.6522 4.75583 2.39881 0.514274
17.2737 18.7946 4.7442 2.43307 0.52883
17.1105 18.9324 4.71309 2.45774 0.5279
16.9433 19.1026 4.71899 2.46972 0.506995
16.7271 19.2172 4.71815 2.50998 0.521977
16.5378 19.3699 4.73167 2.53338 0.52206
16.3166 19.5273 4.77955 2.55913 0.520409
16.0932 19.6117 4.76524 2.6088 0.554389
15.8892 19.7544 4.78396 2.62916 0.546499
15.6995 19.8795 4.76264 2.6354 0.505215
15.4722 20.0295 4.81235 2.65368 0.496816
15.2629 20.1699 4.8296 2.66507 0.477329
15.0725 20.3025 4.82107 2.67681 0.465436
14.8429 20.3852 4.8206 2.71327 0.48457
14.627 20.5044 4.83163 2.73009 0.476925
14.3921 20.5909 4.84553 2.76531 0.498542
14.1459 20.6654 4.86042 2.79717 0.505112
13.91 20.7364 4.86724 2.83187 0.523473
13.6382 20.7996 4.9085 2.86637 0.530761
13.3908 20.8306 4.91401 2.91823 0.576543
13.1437 20.8735 4.91777 2.95058 0.579959
12.912 20.9315 4.91262 2.97282 0.572363
12.7073 20.9785 4.87048 2.9944 0.566617
12.4561 21.0181 4.88884 3.02303 0.569327
12.2093 21.0561 4.89929 3.04748 0.564927
11.9703 21.0758 4.89734 3.07873 0.573356
11.7254 21.0484 4.88303 3.12134 0.587964
11.478 21.035 4.88354 3.15703 0.595608
11.259 21.0301 4.85216 3.18502 0.594861
11.0049 20.9915 4.8625 3.22479 0.605986
10.7912 20.9548 4.82289 3.25947 0.611881
10.5432 20.9534 4.81799 3.26638 0.568269
10.2677 20.9785 4.87558 3.27252 0.543138
10.0288 20.9601 4.87207 3.29191 0.532746
9.83012 20.922 4.81787 3.31931 0.535313
9.59488 20.9134 4.79439 3.31889 0.487467
9.39789 20.8615 4.74397 3.34774 0.493613
9.17454 20.8209 4.73397 3.36906 0.490787
8.8895 20.7866 4.80595 3.38176 0.476555
8.6726 20.7083 4.7885 3.41496 0.488607
8.40188 20.623 4.84346 3.44274 0.490678
8.17346 20.5431 4.84541 3.47131 0.497647
7.93267 20.4627 4.86183 3.49465 0.495633
7.71631 20.3767 4.86198 3.52681 0.513182
7.41605 20.3175 4.95362 3.53048 0.487926
7.18603 20.2203 4.95282 3.55309 0.483446
6.9236 20.1378 4.99516 3.56528 0.469898
6.69965 20.0457 4.9828 3.58168 0.45869
6.45153 19.9549 5.00807 3.59461 0.44766
6.2353 19.861 4.9931 3.61184 0.442714
5.97358 19.768 5.0363 3.61945 0.426593
5.74785 19.6222 5.06771 3.65768 0.45534
5.56404 19.5008 5.02219 3.68454 0.460593
5.36302 19.3515 5.01834 3.7175 0.473788
5.14712 19.2506 5.01079 3.727 0.459078
4.95307 19.1385 4.96551 3.73664 0.436325
4.78516 18.9878 4.92701 3.76906 0.448443
4.5778 18.8379 4.95117 3.79444 0.457093
4.39739 18.7062 4.92351 3.81377 0.454005
4.21282 18.564 4.89194 3.82772 0.436388
4.08248 18.4082 4.82634 3.86299 0.452424
3.8998 18.2363 4.8781 3.90134 0.48794
3.65143 18.0952 4.94163 3.8975 0.455781
3.48622 17.9439 4.89318 3.91045 0.435945
3.26409 17.7771 4.94183 3.91743 0.41866
3.0861 17.5939 4.97547 3.94772 0.439424
2.9055 17.4759 4.94206 3.94795 0.416671
2.76297 17.2604 4.97292 3.99735 0.4621
2.58855 17.0754 4.98366 4.01512 0.456068
2.42418 16.908 4.93802 4.01961 0.423602
2.25952 16.7356 4.9322 4.03271 0.414952
2.08676 16.5398 4.93219 4.04185 0.393462
1.93264 16.3101 4.96364 4.07006 0.402063
1.77571 16.1332 4.93175 4.07463 0.3769
1.57331 15.9645 4.95922 4.06639 0.34671
1.44647 15.7346 4.99489 4.10674 0.382963
1.2754 15.5176 5.03205 4.11801 0.373614
1.12059 15.3244 5.02304 4.12484 0.357403
0.912654 15.1074 5.09104 4.1198 0.331008
0.766498 14.9256 5.04423 4.12018 0.304108
0.659172 14.7104 5.02169 4.14774 0.317976
0.547458 14.4703 5.05167 4.18339 0.347989
0.375016 14.2492 5.09287 4.18453 0.329484
0.25644 13.9989 5.15439 4.22073 0.365327
0.232241 13.75 5.09798 4.27806 0.409239
0.130416 13.5079 5.12986 4.30665 0.425136
-0.0337296 13.2788 5.17138 4.30177 0.395118
-0.150793 13.0594 5.14186 4.30707 0.372462
-0.164442 12.8317 5.07257 4.35714 0.40934
-0.282613 12.6057 5.04779 4.35658 0.376804
-0.400481 12.3699 5.06731 4.36236 0.361571
-0.523588 12.1605 5.03986 4.35615 0.328614
-0.603311 11.9397 5.01917 4.37261 0.329125
-0.727657 11.7118 5.02083 4.3673 0.300194
-0.917278 11.4692 5.08971 4.33936 0.250164
-1.02219 11.243 5.05004 4.33578 0.220385
-1.19575 11.0158 5.08998 4.31211 0.180826
-1.27627 10.771 5.11392 4.33642 0.206635
-1.40463 10.5178 5.15204 4.33444 0.192511
-1.49055 10.2569 5.18953 4.35559 0.212245
-1.5915 10.0454 5.16163 4.35727 0.202694
-1.68091 9.81526 5.1392 4.36271 0.193969
-1.75846 9.59354 5.1116 4.37357 0.19556
-1.86576 9.3433 5.1523 4.37962 0.197368
-1.94683 9.05286 5.20337 4.39605 0.204064
-2.03411 8.82892 5.1634 4.39501 0.184573
-2.13053 8.57714 5.18077 4.39817 0.177615
-2.25606 8.32482 5.2127 4.38813 0.155033
-2.30674 8.08952 5.18054 4.40715 0.167915
-2.3732 7.87467 5.1301 4.41367 0.16297
-2.4852 7.62408 5.15864 4.40738 0.146645
-2.64616 7.39048 5.16401 4.36848 0.0798482
-2.74957 7.13456 5.1891 4.36714 0.0737482
-2.81364 6.89924 5.17441 4.38353 0.0939692
-2.85974 6.68787 5.11229 4.39901 0.106002
-2.92844 6.46327 5.05964 4.39514 0.0809961
-2.98406 6.22544 5.04217 4.40774 0.0903449
-3.10032 5.97951 5.07748 4.39803 0.0763644
-3.18111 5.70705 5.11629 4.40393 0.0784351
-3.29026 5.4604 5.12114 4.38515 0.0387706
-3.38517 5.20018 5.15122 4.38403 0.035423
-3.45398 4.95412 5.15055 4.39521 0.0509951
-3.56553 4.67904 5.20942 4.38928 0.0421516
-3.67495 4.42706 5.21956 4.3705 0.00355269
-3.80497 4.15875 5.27748 4.35795 -0.00927072
-3.88734 3.91754 5.26876 4.36622 0.00873377
-3.96082 3.68293 5.24072 4.37052 0.0122341
-4.06472 3.47418 5.19606 4.35232 -0.0211402
-4.15554 3.2294 5.19786 4.35175 -0.0206123
-4.27114 2.97607 5.22523 4.3368 -0.0455672
-4.35964 2.70412 5.25883 4.34076 -0.0383564
-4.44733 2.45437 5.26032 4.34471 -0.0282242
-4.55086 2.19144 5.29102 4.3432 -0.0272175
-4.66156 1.95834 5.28398 4.31957 -0.0745938
-4.77536 1.68786 5.33011 4.31656 -0.0718715
-4.89953 1.43919 5.35233 4.29935 -0.0974589
-4.95993 1.20196 5.30816 4.3066 -0.0872723
-5.05705 0.981581 5.26801 4.30297 -0.0842265
-5.11907 0.746442 5.2296 4.30962 -0.0749948
-5.21185 0.456692 5.29748 4.31398 -0.0702049
-5.28726 0.214819 5.27646 4.31781 -0.0635115
-5.39719 -0.0208871 5.2615 4.31935 -0.0454891
-5.46908 -0.260969 5.23953 4.32471 -0.0383217
-5.58989 -0.449349 5.18002 4.30231 -0.0676282
-5.72696 -0.637921 5.1322 4.27833 -0.0928089
-5.84123 -0.865676 5.14959 4.25875 -0.127589
-5.93626 -1.13015 5.18472 4.26568 -0.11086
-6.02486 -1.39522 5.21561 4.27413 -0.0946381
-6.16314 -1.60377 5.1943 4.25459 -0.112609
-6.30582 -1.83846 5.24705 4.22581 -0.160423
-6.41142 -2.08581 5.25838 4.22731 -0.148859
-6.56281 -2.29066 5.23565 4.20524 -0.165391
-6.71174 -2.50032 5.22339 4.18564 -0.179197
-6.86734 -2.71351 5.22783 4.16413 -0.196992
-6.96012 -2.97833 5.25619 4.17962 -0.165891
-7.08942 -3.20256 5.24198 4.17529 -0.15746
-7.21426 -3.39969 5.20313 4.16311 -0.163966
-7.36042 -3.64525 5.23695 4.15877 -0.15786
-7.51913 -3.7896 5.15641 4.12297 -0.193648
-7.66356 -3.99898 5.1594 4.11038 -0.199576
-7.81833 -4.2249 5.18034 4.10186 -0.197231
-7.96937 -4.44278 5.18668 4.09374 -0.194332
-8.13108 -4.67785 5.22069 4.08766 -0.189101
-8.27123 -4.88292 5.16926 4.0877 -0.168791
-8.4048 -5.10108 5.16811 4.08789 -0.158498
-8.55139 -5.2725 5.09475 4.07602 -0.15713
-8.74263 -5.47025 5.11289 4.05348 -0.174313
-8.90145 -5.66813 5.09999 4.04481 -0.172188
-9.05964 -5.85461 5.08631 4.03252 -0.17682
-9.19858 -6.0158 5.00546 4.02423 -0.171626
-9.37835 -6.12266 4.93167 3.98353 -0.211011
-9.5529 -6.30596 4.93403 3.97046 -0.213206
-9.69499 -6.51158 4.94079 3.97569 -0.194261
-9.91484 -6.67217 4.98044 3.93953 -0.228535
-10.1185 -6.83439 4.98742 3.914 -0.245079
-10.3025 -6.99694 4.99353 3.89608 -0.253188
-10.5315 -7.17355 5.03561 3.8709 -0.267187
-10.736 -7.3169 5.03543 3.84443 -0.283524
-10.9813 -7.47526 5.07535 3.813 -0.303054
-11.1701 -7.61704 5.04085 3.79662 -0.304309
-11.3219 -7.77043 5.00047 3.79666 -0.28723
-11.5173 -7.89897 4.9713 3.77576 -0.295065
-11.6994 -8.00385 4.92207 3.75208 -0.306546
-11.8936 -8.11898 4.85942 3.73047 -0.31384
-12.11 -8.20952 4.83988 3.69538 -0.336885
-12.3341 -8.33729 4.8977 3.67543 -0.339667
-12.5391 -8.41751 4.86171 3.64425 -0.356948
-12.7457 -8.50558 4.8059 3.61664 -0.370057
-13.0222 -8.59277 4.85504 3.57415 -0.396713
-13.2685 -8.69352 4.90156 3.55003 -0.399593
-13.4914 -8.73956 4.87057 3.51116 -0.422208
-13.7089 -8.7827 4.7999 3.47141 -0.44859
-13.9362 -8.89029 4.81602 3.46242 -0.432672
-14.1845 -8.98166 4.88538 3.44907 -0.417216
-14.4084 -9.09017 4.89105 3.44566 -0.397041
-14.6378 -9.16121 4.8769 3.42558 -0.39871
-14.9216 -9.15927 4.90799 3.36775 -0.441268
-15.1783 -9.23305 4.93929 3.35255 -0.431963
-15.4419 -9.34516 4.98446 3.35444 -0.404014
-15.686 -9.37502 4.94847 3.32032 -0.425996
-15.9432 -9.45763 4.97504 3.31487 -0.407298
-16.195 -9.4675 4.9585 3.27709 -0.430998
-16.4469 -9.46171 4.95916 3.23893 -0.449823
-16.6675 -9.46056 4.9089 3.20638 -0.466188
-16.9492 -9.44688 4.95078 3.16759 -0.482543
-17.2007 -9.50521 4.97535 3.17101 -0.446346
-17.4607 -9.5227 4.9904 3.15335 -0.440719
-17.7183 -9.51223 4.98752 3.12256 -0.454628
-17.9731 -9.48009 4.99501 3.08888 -0.466691
-18.2178 -9.44229 4.97548 3.05164 -0.488308
-18.4238 -9.48454 4.91891 3.05813 -0.455397
-18.6606 -9.47062 4.92008 3.04346 -0.441904
-18.9089 -9.46224 4.92261 3.02918 -0.433142
-19.1397 -9.42335 4.91663 3.00706 -0.430257
-19.3838 -9.3069 4.93324 2.95106 -0.468162
-19.6178 -9.23088 4.91569 2.91067 -0.494365
-19.8679 -9.11031 4.94618 2.86015 -0.522068
-20.1046 -9.01008 4.95603 2.82253 -0.533963
-20.2855 -9.12846 4.82377 2.87658 -0.449479
-20.5247 -9.08453 4.83081 2.86604 -0.433086
-20.7452 -8.9908 4.82737 2.83332 -0.445299
-20.9869 -8.90928 4.84067 2.80738 -0.451569
-21.1843 -8.84049 4.79889 2.7882 -0.44892
-21.4174 -8.75153 4.80476 2.7617 -0.457421
-21.6125 -8.72419 4.74184 2.76262 -0.433065
-21.8055 -8.57905 4.71054 2.70207 -0.494162
-22.0089 -8.50394 4.68621 2.68767 -0.483564
-22.2184 -8.39445 4.69747 2.66678 -0.473481
-22.4475 -8.29988 4.71344 2.65167 -0.463854
-22.6398 -8.18085 4.6941 2.62018 -0.478678
-22.8712 -7.95097 4.79764 2.55743 -0.517697
-23.0621 -7.80111 4.78294 2.51134 -0.556882
-23.2878 -7.62878 4.84087 2.47818 -0.560814
-23.4867 -7.48915 4.85389 2.46647 -0.529923
-23.6539 -7.34369 4.8262 2.43953 -0.53129
-23.844 -7.18466 4.83891 2.41766 -0.521374
-24.0079 -7.08621 4.77059 2.41036 -0.504047
-24.1753 -6.90435 4.77568 2.37241 -0.523032
-24.3341 -6.65829 4.83383 2.3188 -0.549808
-24.5013 -6.48199 4.831 2.28646 -0.564482
-24.6031 -6.3358 4.74517 2.25782 -0.567797
-24.7438 -6.14583 4.74286 2.226 -0.572028
-24.9245 -5.94541 4.78764 2.20386 -0.563802
-25.0549 -5.74106 4.79114 2.17265 -0.564397
-25.1883 -5.56716 4.76546 2.15146 -0.558058
-25.3409 -5.38166 4.7735 2.14341 -0.524446
-25.4832 -5.16033 4.80653 2.11661 -0.523931
-25.615 -4.98142 4.78832 2.11148 -0.486677
-25.7294 -4.80537 4.74968 2.09268 -0.482214
-25.8503 -4.5999 4.75338 2.07448 -0.470296
-25.9607 -4.36039 4.78661 2.04369 -0.476812
-26.0705 -4.14033 4.78926 2.00269 -0.518583
-26.16 -3.86259 4.85357 1.96206 -0.531903
-26.2344 -3.62675 4.85369 1.91319 -0.577248
-26.2637 -3.36053 4.86931 1.86241 -0.599078
-26.3132 -3.11723 4.87159 1.81743 -0.626115
-26.3388 -2.87935 4.85731 1.77641 -0.636417
-26.3965 -2.652 4.84862 1.7528 -0.624459
-26.4743 -2.48897 4.76893 1.74413 -0.604854
-26.5291 -2.25366 4.77471 1.72617 -0.582493
-26.5795 -2.05346 4.73457 1.70677 -0.574229
-26.6102 -1.81652 4.73641 1.68612 -0.554688
-26.6079 -1.56948 4.74327 1.64838 -0.564525
-26.6054 -1.33744 4.73458 1.60703 -0.589176
-26.6089 -1.11041 4.7216 1.5777 -0.58949
-26.6379 -0.883918 4.71466 1.5619 -0.572528
-26.6484 -0.636544 4.73343 1.53832 -0.566802
-26.6359 -0.395061 4.74398 1.50117 -0.587483
-26.5904 -0.108986 4.80789 1.46134 -0.59592
-26.5709 0.129664 4.811 1.4321 -0.599964
-26.5474 0.414638 4.8754 1.40658 -0.593321
-26.5347 0.651866 4.86668 1.39637 -0.561043
-26.5268 0.929238 4.91779 1.38222 -0.545447
-26.4889 1.18429 4.92738 1.37369 -0.504374
-26.4315 1.42448 4.92695 1.34631 -0.506542
-26.3928 1.64522 4.89534 1.33395 -0.483571
-26.3369 1.86196 4.86758 1.31028 -0.483804
-26.2695 2.09327 4.86547 1.28306 -0.490276
-26.2062 2.29334 4.82106 1.25941 -0.490493
-26.1436 2.52203 4.81184 1.24823 -0.46412
-26.0645 2.76241 4.82936 1.22599 -0.462742
-25.9703 2.98541 4.83735 1.18702 -0.497238
-25.8697 3.25701 4.90309 1.16431 -0.493592
-25.787 3.48575 4.90474 1.14524 -0.488857
-25.6808 3.69111 4.88398 1.11816 -0.491993
-25.5643 3.89983 4.87628 1.08808 -0.500727
-25.4959 4.08664 4.8224 1.07497 -0.490012
-25.3727 4.29023 4.81718 1.04644 -0.495874
-25.2139 4.50531 4.84335 1.01136 -0.505638
-25.0633 4.7025 4.83578 0.986609 -0.493252
-24.9445 4.89783 4.82163 0.966543 -0.488956
-24.7886 5.08938 4.82304 0.936946 -0.492652
-24.6215 5.29924 4.85627 0.90874 -0.495408
-24.4501 5.47762 4.86595 0.866893 -0.526035
-24.2637 5.65034 4.86967 0.830469 -0.536243
-24.0976 5.81355 4.86131 0.795111 -0.553852
-23.9239 5.97496 4.85108 0.764884 -0.556759
-23.7788 6.16177 4.82041 0.770392 -0.493753
-23.6108 6.31831 4.80542 0.745374 -0.494569
-23.4611 6.49399 4.78622 0.740872 -0.46119
-23.2395 6.70646 4.87615 0.720081 -0.456174
-23.044 6.84962 4.86088 0.694884 -0.452199
-22.8314 7.01932 4.89748 0.670451 -0.453081
-22.62 7.15437 4.90324 0.635615 -0.470814
-22.4343 7.30092 4.89549 0.616213 -0.466768
-22.2067 7.42578 4.92912 0.569248 -0.510424
-22.0257 7.58796 4.93445 0.559734 -0.493813
-21.8418 7.75616 4.92457 0.56456 -0.446084
-21.6339 7.89906 4.93557 0.546769 -0.441124
-21.4429 8.03435 4.91557 0.536519 -0.422662
-21.214 8.07769 4.86138 0.486427 -0.453923
-21.0219 8.23251 4.84037 0.499051 -0.392794
-20.8424 8.38339 4.83773 0.498279 -0.373189
-20.6029 8.49327 4.87526 0.466068 -0.397492
-20.3558 8.62685 4.92536 0.449809 -0.392713
-20.1566 8.75866 4.89789 0.455713 -0.34849
-19.9555 8.86229 4.87593 0.440902 -0.346176
-19.755 8.98403 4.84804 0.444606 -0.308948
-19.531 9.05726 4.83106 0.418187 -0.320633
-19.2926 9.16356 4.86198 0.400251 -0.326052
-19.0096 9.25052 4.92096 0.372647 -0.336953
-18.792 9.33552 4.90735 0.355956 -0.3381
-18.5387 9.43564 4.9438 0.341662 -0.334815
-18.2749 9.46598 4.97194 0.28887 -0.391832
-17.9889 9.59116 5.06148 0.283709 -0.375233
-17.7449 9.68049 5.0549 0.281599 -0.344382
-17.4722 9.78789 5.11225 0.275399 -0.331776
-17.2258 9.86253 5.11851 0.26057 -0.331149
-16.9559 9.98557 5.1782 0.263572 -0.309621
-16.7025 10.0507 5.18216 0.24737 -0.310657
-16.4539 10.1598 5.2048 0.249724 -0.291625
-16.1985 10.226 5.21513 0.233847 -0.296419
-15.9586 10.2569 5.18416 0.210059 -0.306171
-15.7108 10.3222 5.17505 0.204134 -0.290424
-15.4834 10.3225 5.11907 0.173089 -0.308433
-15.1922 10.3426 5.18281 0.134731 -0.349578
-14.9313 10.3993 5.19864 0.125962 -0.340163
-14.685 10.4374 5.15435 0.1264 -0.301375
-14.4372 10.4079 5.11979 0.0891236 -0.325524
-14.1766 10.4339 5.12353 0.0766738 -0.318227
-13.878 10.5776 5.22348 0.107099 -0.26687
-13.6225 10.6398 5.20493 0.11984 -0.22131
-13.3685 10.6411 5.18956 0.0981234 -0.23289
-13.1056 10.6674 5.19744 0.0866751 -0.23338
-12.8502 10.7604 5.21717 0.102344 -0.204075
-12.5859 10.8117 5.22341 0.106072 -0.183037
-12.3456 10.7817 5.18094 0.0762527 -0.20519
-12.0876 10.8207 5.17371 0.0802898 -0.180485
-11.8397 10.8837 5.17481 0.0877392 -0.163044
-11.5641 10.9046 5.19637 0.0794639 -0.162273
-11.3311 10.9206 5.16241 0.070514 -0.163251
-11.0675 10.8547 5.19399 0.00506087 -0.261644
-10.779 10.8263 5.22322 -0.0187791 -0.272796
-10.5229 10.8228 5.21662 -0.0306399 -0.270088
-10.2872 10.819 5.18628 -0.0419658 -0.268056
-10.0361 10.8746 5.14784 -0.00987087 -0.190537
-9.77712 10.919 5.1604 -0.00127965 -0.171034
-9.54153 10.9032 5.1246 -0.013208 -0.17166
-9.28253 10.9269 5.13407 -0.0112595 -0.16043
-9.03368 10.9099 5.11436 -0.0201787 -0.155514
-8.77191 10.9383 5.12898 -0.0150516 -0.141849
-8.52817 10.8987 5.10413 -0.0340216 -0.152507
-8.35092 10.8248 4.99157 -0.0666736 -0.178961
-8.09771 10.8389 4.98867 -0.0563368 -0.147983
-7.77691 10.8755 5.09084 -0.0429141 -0.125679
-7.51433 10.8768 5.09008 -0.0351549 -0.0979854
-7.24241 10.8618 5.11267 -0.0416795 -0.0996839
