0.221055
0.167484
0.25411
0.00867673
1.20693
2.0718
0.380498
13.0792
2.3633
1.5294
4.07042
0.318284
3.4553
0.526611
0.561875
0.968222
0.76568
3.3393
1.34362
1.30178
1.77955
0.415213
0.677455
3.45318
2.64937
0.829681
0.664435
2.18389
1.26396
0.78488
0.21753
0.455392
0.46585
0.615506
0.235679
1.94821
0.683965
0.48294
2.4657
4.26156
0.938901
1.52169
4.49338
4.34986
2.81079
0.574647
0.698155
1.82087
0.00397774
4.60278
1.10255
1.75766
1.10952
1.23052
0.321145
1.27044
2.10966
3.65294
0.00867158
0.824431
0.0838263
1.71331
3.85052
0.903948
1.1445
0.439991
0.369916
2.68553
0.854544
0.782335
1.40875
1.85704
0.662675
0.74915
1.8449
0.172512
1.82056
0.159896
1.90078
0.667059
0.610516
3.36352
1.68598
1.13312
2.0883
2.72469
0.130004
3.63198
0.84072
0.43951
1.00047
1.18027
1.92443
0.676698
1.11326
2.13918
2.59314
1.18265
6.12578
0.0800455
0.511888
2.27096
1.83859
0.893274
2.67433
0.384393
1.01063
3.49464
1.54998
3.24328
0.367056
0.528478
4.33189
2.48658
1.01722
1.95609
0.782127
4.1408
0.1981
0.681643
0.763872
0.405519
2.47711
0.382494
1.62056
0.593864
2.22751
2.77449
0.593595
0.00598094
1.31691
0.709967
1.66309
4.75569
3.90801
1.48373
1.6013
2.95719
1.25502
1.17526
0.435115
0.545243
2.34957
1.40527
5.01027
0.475721
1.2102
0.272518
1.70364
0.179461
5.266
0.448386
0.637403
3.48316
3.51824
3.19298
3.27604
0.888587
2.03283
4.0338
2.07194
0.77153
0.589884
2.1227
5.31873
2.13219
0.538654
1.49635
0.50883
0.206888
2.31442
0.270004
2.99559
1.35137
14.8736
0.706634
1.43657
2.05638
0.33137
1.11872
5.55528
2.15272
0.688961
2.13024
3.28057
5.42469
2.60833
0.348501
0.604726
0.587571
0.521059
2.09953
4.48466
1.42574
5.71741
1.25526
1.12706
0.0645475
0.495635
2.61263
1.77338
3.1557
0.0572457
0.299594
0.781684
0.114616
1.60011
0.191388
3.82876
1.98342
0.453443
0.896803
1.23113
0.0604146
0.113832
4.22409
1.03714
0.297923
2.13982
0.107819
4.38005
3.18577
1.37445
0.610207
0.581898
5.89838
0.771785
3.64174
1.45275
1.824
1.48241
0.452507
1.50375
0.314426
2.05805
8.18281
0.47309
4.10744
1.80849
2.1145
0.837357
2.74242
1.00922
2.04378
0.673931
0.989258
5.87761
4.74279
0.506191
