74.7033
1.8249
7.71366
6.3216
0.434928
1.26558
4.16363
2.13885
2.06341
1.70047
3.80393
0.766191
3.34831
3.96593
2.54073
6.91644
6.62966
4.56392
4.7567
4.26137
1.75019
0.964543
1.34898
0.976357
3.63796
10.9768
0.23928
1.52687
3.93584
2.54424
0.926897
1.78927
0.645972
4.8097
1.81402
3.41449
1.32504
0.644211
0.281236
0.540883
4.33326
0.304229
2.33695
0.668289
1.0469
2.87659
6.97494
3.08101
4.84641
11.0846
3.56585
3.43379
2.12517
1.29259
0.912179
1.40588
3.38256
8.05786
1.36994
1.81606
0.294662
6.54594
6.08616
2.47073
1.92534
6.72664
1.74453
3.06701
3.22231
10.0532
3.24377
5.75026
2.10166
1.29307
0.392066
2.47402
1.73848
2.60659
0.9629
1.09469
4.16663
5.54468
1.02054
2.45353
1.50302
4.4468
0.0850921
3.47893
0.226894
0.476594
2.81181
2.00935
1.7198
4.61279
1.48489
1.38092
7.18152
3.37978
2.43322
3.26681
2.00702
5.03122
1.11535
1.98
0.997999
2.49003
1.70924
3.27572
1.12572
0.998964
3.53967
3.8658
2.8761
3.10034
1.14994
1.42615
0.519544
2.59566
1.81258
2.982
5.47273
5.96777
1.54329
4.2274
3.34296
2.37656
0.184219
2.3703
1.10146
4.22219
0.873063
0.158549
4.14802
0.704862
1.05988
5.21854
5.90793
4.00825
5.48691
2.68923
4.33565
3.13585
1.21759
0.22465
4.44116
0.483738
0.379304
2.55301
4.15286
0.380241
6.56676
0.885542
6.88404
1.06548
1.9754
1.27558
1.88954
2.06194
2.57823
1.90616
2.73302
3.98167
2.87453
0.252097
4.5125
2.01695
2.31485
5.2168
7.83372
1.70534
0.743536
1.68193
3.96281
1.168
4.97726
1.54529
2.40364
1.88618
6.7199
1.90029
1.00604
3.70489
1.63066
0.891701
1.98498
3.50601
0.325542
1.8671
1.30245
6.45347
0.257928
10.9851
3.58492
0.600612
1.35604
0.947609
1.9831
1.71289
5.15186
2.24459
2.7561
1.77018
7.29691
8.35172
0.199514
0.890218
2.78586
2.15639
1.11611
0.607959
8.9318
2.29873
0.958314
3.24931
4.69701
1.91235
5.57157
1.48172
2.5533
5.85316
1.68392
6.63463
4.24742
2.0591
1.68452
4.3515
1.67544
5.75935
2.89091
0.487636
0.0774719
0.581095
0.286756
7.9696
6.46307
0.595214
2.32407
0.212845
1.51945
0.736295
2.65828
9.62222
0.165098
6.67129
4.06169
2.7108
6.47869
1.5066
2.16844
