L 0.312243 0.58034
R 0.862916 0.534212
L 1.17385 0.481073
R 0.969149 0.397513
L 1.65063 0.62469
R 1.62331 0.499091
L 2.18882 0.648739
R 1.96701 0.557117
L 2.65526 0.66598
R 2.92034 0.645898
L 3.01222 0.637046
R 3.56096 0.485311
L 3.89365 0.311793
R 4.19786 0.698311
L 4.30935 0.578564
R 4.61908 0.68951
L 4.35143 0.899174
R 5.20901 0.66599
L 5.51894 0.648233
R 5.22834 0.639362
L 6.022 0.708619
R 5.89392 0.373584
L 6.34249 0.948833
R 6.62134 0.836138
L 6.78214 0.714036
R 7.29121 0.630741
L 7.13735 0.957217
R 8.08349 0.819605
L 7.80533 0.719126
R 8.40453 0.884557
L 8.24796 0.840322
R 8.45858 1.41118
L 8.74615 1.04858
R 9.8809 1.1419
L 9.25579 1.04913
R 10.1016 1.52474
L 10.0484 1.44598
R 10.5377 1.72555
L 10.2492 1.45907
R 10.9084 1.70343
L 10.7313 1.45265
R 11.4783 1.42876
L 11.587 1.61462
R 11.4763 1.53917
L 11.7788 1.74591
R 12.136 2.14937
L 12.3226 1.78353
R 12.5457 1.77728
L 12.5924 2.17509
R 13.2198 2.6644
L 13.0875 2.40708
R 12.7087 3.12439
L 13.836 2.62479
R 13.8302 2.73893
L 14.2106 2.94205
R 14.5568 2.87021
L 14.4616 2.90734
R 14.6754 3.96041
L 15.0261 3.5067
R 15.3685 4.14761
L 15.5236 3.82936
R 15.7234 3.4105
L 15.9774 4.00094
R 16.3376 4.21632
L 16.3313 4.44499
R 16.7586 4.48231
L 16.6039 4.67344
R 16.9236 5.10119
L 16.9955 5.21099
R 17.3421 4.64623
L 17.2894 5.43542
R 17.6463 4.74597
L 17.7853 5.62476
R 17.9216 6.07151
L 18.1263 6.16985
R 18.1245 6.79027
L 18.2164 6.66138
R 18.4022 7.02231
L 18.5422 6.76013
R 18.8089 7.24388
L 19.1441 7.18344
R 18.5479 7.4012
L 19.0138 7.8688
R 19.3089 7.67375
L 19.132 8.12845
R 19.0239 8.17194
L 19.347 8.30741
R 19.6843 8.35902
L 20.0039 8.8906
R 19.6061 9.48659
L 20.1574 9.45949
R 19.6163 9.76606
L 20.1573 9.90876
R 19.1911 11.5493
L 20.166 10.4687
R 19.6775 10.803
L 20.371 11.0109
R 19.4335 12.3402
L 20.3164 11.3483
R 19.2063 12.2418
L 20.6141 11.9422
R 19.966 11.9688
L 20.3263 12.4966
R 20.0192 12.4823
L 20.498 12.8924
R 20.9151 12.2555
L 20.1943 13.1688
R 19.858 13.5236
L 20.3245 13.8896
R 20.3387 13.5307
L 20.1216 14.337
R 19.6717 14.4038
L 19.781 14.773
R 20.1149 14.0165
L 20.0208 15.2053
R 20.0157 15.3443
L 19.9131 15.554
R 19.9388 15.0864
L 19.4748 16.0098
R 19.1556 16.0022
L 19.238 16.2719
R 19.4007 16.2962
L 19.0029 16.8387
R 18.8373 17.7112
L 18.6148 17.3832
R 18.8177 17.0316
L 18.1023 17.5529
R 18.2749 17.4877
L 18.2094 18.0461
R 18.3021 17.498
L 17.9018 18.2183
R 18.8558 18.1364
L 17.3845 18.7039
R 17.7945 18.0801
L 17.1762 18.8863
R 16.9398 19.7311
L 16.5734 19.052
R 16.1674 20.2201
L 16.2338 19.6171
R 16.4366 18.2742
L 15.9243 19.8703
R 16.2328 19.2166
L 15.4332 20.1836
R 14.3677 21.3406
L 15.2016 20.4385
R 14.7476 19.9571
L 14.6665 20.6088
R 13.841 21.0031
L 14.0521 20.5924
R 13.8232 20.859
L 13.4686 20.7253
R 13.8263 20.4261
L 13.1072 20.8294
R 13.2669 21.1579
L 12.8729 21.0592
R 11.5171 21.6724
L 12.2062 21.11
R 12.3859 21.1066
L 11.6814 20.8651
R 11.5265 20.6748
L 11.363 21.0688
R 10.5558 20.5567
L 10.8903 20.927
R 9.30535 21.3896
L 10.189 21.209
R 9.97958 21.2932
L 9.99634 20.9797
R 9.38223 21.111
L 9.53921 20.8762
R 9.63392 20.9724
L 8.70331 20.8221
R 9.84634 20.009
L 8.22277 20.4839
R 8.29647 20.4978
L 7.88599 20.45
R 8.29081 20.6565
L 7.18029 20.392
R 7.09214 20.1196
L 6.81542 20.1859
R 6.89359 20.1536
L 6.38914 20.0137
R 6.67637 20.2142
L 5.86119 19.8306
R 5.28178 19.5036
L 5.69089 19.5755
R 5.9506 18.9859
L 5.17021 19.4397
R 5.87397 19.301
L 4.89149 18.982
R 3.98679 19.0452
L 4.4685 18.834
R 4.69245 18.4634
L 4.26269 18.481
R 3.42434 18.8357
L 3.45919 18.167
R 4.3011 17.9267
L 3.12525 17.7493
R 2.65664 17.888
L 2.9449 17.8154
R 3.26647 17.0897
L 2.55407 17.0853
R 2.55039 16.8884
L 2.25371 16.8334
R 1.57735 16.0489
L 1.88972 16.1054
R 1.74362 16.2687
L 1.44745 16.0853
R 1.6097 15.5526
L 1.18395 15.4284
R 0.828993 15.528
L 0.722706 15.0075
R 1.03147 15.2134
L 0.737301 14.7047
R 0.722177 14.2445
L 0.253435 14.2029
R -0.0328023 13.9604
L 0.459172 13.6856
R 0.0524412 13.6377
L -0.190344 13.2856
R -0.275043 13.1456
L 0.0462308 12.9301
R -0.684792 12.3563
L -0.476482 12.3633
R -0.972122 12.5207
L -0.582624 12.0386
R -1.26757 11.6495
L -1.17212 11.3988
R -0.891441 10.959
L -1.39289 11.0424
R -1.29894 10.9012
L -1.49687 10.4198
R -1.59293 10.0212
L -1.61875 10.2374
R -1.59702 9.96554
L -1.73381 9.71347
R -2.27191 9.37316
L -1.93833 8.77028
R -1.96565 9.13274
L -2.1768 8.5411
R -2.65862 8.19477
L -2.21875 8.15339
R -2.273 8.52315
L -2.59674 7.60288
R -3.08256 7.38874
L -2.79865 7.064
R -2.79412 7.20818
L -2.74651 6.86867
R -2.57673 6.36755
L -2.90217 6.22989
R -3.50172 6.10796
L -3.1778 5.53101
R -3.19736 5.19093
L -3.43031 5.10507
R -3.4281 4.94644
L -3.69435 4.52196
R -3.50501 4.17643
L -4.00238 4.04684
R -4.06447 4.10977
L -3.88053 3.75177
R -4.23729 3.88878
L -4.15119 3.21968
R -4.27467 2.88187
L -4.32451 2.55034
R -4.38481 2.39989
L -4.61223 2.09192
R -4.29257 1.92854
L -4.86829 1.53442
R -4.98165 1.43611
L -4.66779 1.28643
R -4.98594 1.10894
L -4.85498 0.825661
R -4.84736 0.18101
L -5.1231 0.257311
R -5.99809 -0.290765
L -5.29972 -0.212982
R -5.64447 -0.144522
L -5.85359 -0.445801
R -5.30947 -0.724468
L -5.87835 -1.26863
R -5.68069 -1.52871
L -6.27263 -1.50938
R -6.11355 -1.75966
L -6.34007 -2.13685
R -6.99344 -2.17445
L -6.79288 -2.4458
R -7.14408 -2.67584
L -6.8003 -3.10086
R -7.13937 -3.22028
L -7.12118 -3.26434
R -7.77186 -4.08999
L -7.49009 -3.49081
R -7.52393 -3.88213
L -7.88049 -4.29783
R -8.08524 -4.57834
L -8.22492 -4.79812
R -8.453 -4.95621
L -8.33552 -5.1059
R -8.55062 -4.79248
L -8.91477 -5.51752
R -9.04115 -5.69364
L -9.03391 -5.80267
R -8.86897 -5.41973
L -9.30811 -5.82368
R -9.80646 -6.41174
L -9.62547 -6.55958
R -10.6688 -6.35543
L -10.2246 -6.83402
R -10.2205 -6.71044
L -10.7616 -7.29159
R -10.8944 -6.83335
L -11.2219 -7.56979
R -10.986 -7.3707
L -11.0934 -7.6776
R -11.4213 -7.46085
L -11.5269 -7.8215
R -11.9422 -7.88317
L -12.09 -8.08828
R -12.4462 -8.02117
L -12.4231 -8.2599
R -12.7461 -8.19449
L -13.2911 -8.64594
R -13.7929 -8.47158
L -13.384 -8.57583
R -13.6376 -8.26344
L -13.9959 -8.99264
R -14.4737 -8.79552
L -14.4273 -9.1875
R -14.5757 -9.32634
L -15.062 -9.04396
R -15.6189 -9.69365
L -15.6682 -9.56749
R -15.9382 -9.35751
L -16.0862 -9.59819
R -16.6033 -8.85459
L -16.4229 -9.37029
R -16.011 -9.33486
L -17.1132 -9.43043
R -16.9255 -10.8571
L -17.5448 -9.57485
R -18.1371 -9.39146
L -17.9724 -9.42299
R -18.3083 -9.18778
L -18.2763 -9.60997
R -18.2443 -9.58547
L -18.9545 -9.51544
R -18.6983 -9.02886
L -19.2983 -9.09865
R -19.7037 -8.79906
L -19.8731 -8.96417
R -20.3815 -7.6755
L -20.1607 -9.59663
R -20.4587 -9.7448
L -20.6596 -8.91527
R -21.5568 -8.5005
L -21.0195 -8.85081
R -21.8628 -8.64129
L -21.5029 -8.87191
R -21.9514 -7.41274
L -21.9793 -8.57089
R -22.1914 -7.70392
L -22.5838 -8.35296
R -22.3177 -8.57758
L -22.9861 -7.6724
R -23.2693 -8.32031
L -23.4777 -7.56583
R -23.473 -7.02103
L -23.5408 -7.36069
R -24.0505 -6.56968
L -23.9384 -7.26171
R -24.3577 -5.94086
L -24.2574 -6.4352
R -24.788 -7.18367
L -24.3008 -6.43799
R -24.6108 -6.00878
L -25.146 -5.91902
R -24.8975 -5.02285
L -25.1941 -5.64372
R -25.5328 -5.4399
L -25.5713 -5.10241
R -25.0178 -6.55904
L -25.6952 -4.89995
R -25.8162 -4.40681
L -25.9516 -4.26659
R -26.8953 -4.43966
L -26.1198 -3.67723
R -26.5652 -3.85723
L -25.9974 -3.24722
R -26.2976 -3.01078
L -26.1741 -2.87885
R -26.4681 -3.44967
L -26.674 -2.73852
R -26.657 -1.72382
L -26.6691 -2.17333
R -26.3248 -1.32261
L -26.4671 -1.53207
R -26.4998 -2.19526
L -26.5998 -1.14277
R -27.2008 -1.67679
L -26.7355 -0.59539
R -26.9891 0.0351487
L -26.4553 0.0602653
R -26.9537 0.136943
L -26.6201 0.57588
R -26.8241 0.381506
L -26.7293 1.06082
R -25.9562 2.60409
L -26.3986 1.42212
R -26.5072 -0.563928
L -26.3594 1.79315
R -26.3475 1.82827
L -26.2502 2.18481
R -26.069 2.27896
L -26.0641 2.80701
R -26.3234 3.02388
L -25.8345 3.42005
R -26.1824 3.73376
L -25.6666 3.63509
R -25.5773 3.13316
L -25.7492 3.99968
R -25.3516 3.75691
L -25.0214 4.52803
R -24.2719 4.30917
L -25.0363 4.88499
R -24.3609 4.95947
L -24.5041 5.35293
R -24.4379 5.24592
L -24.1159 5.61152
R -24.5638 4.75836
L -23.9153 5.94377
R -23.5491 6.44495
L -23.6471 6.29102
R -23.7544 6.53746
L -23.0099 6.86182
R -22.7862 5.74143
L -22.6991 7.063
R -22.418 6.76159
L -22.5083 7.31524
R -22.0543 7.85452
L -22.1947 7.69478
R -21.6178 9.0351
L -21.6473 7.94
R -21.8637 7.78661
L -21.0853 7.83229
R -20.5503 9.28616
L -21.0519 8.50983
R -19.9265 9.40847
L -20.21 8.68914
R -20.2277 8.8532
L -20.0633 8.86724
R -19.9264 8.78179
L -19.4861 8.96665
R -18.5719 10.2069
L -18.6786 9.19191
R -19.2825 8.98189
L -18.4242 9.46852
R -18.1634 8.72444
L -17.7736 9.72478
R -17.2296 9.97767
L -17.3436 9.88109
R -17.1554 10.212
L -16.8876 10.145
R -16.5958 10.1078
L -16.5153 10.3091
R -16.09 10.5824
L -16.006 10.1843
R -15.7234 10.41
L -15.5699 10.1904
R -14.2385 10.9109
L -14.9365 10.4722
R -14.724 9.63507
L -14.4088 10.222
R -13.9005 10.5238
L -13.8049 10.9383
R -13.3956 10.7857
L -13.3556 10.5517
R -12.9374 10.8137
L -12.9591 11.0099
R -12.2518 11.2495
L -12.3713 10.6091
R -11.9352 10.9161
L -11.9451 11.0515
R -10.9703 10.9676
L -11.4548 10.9407
R -11.3472 10.5111
L -10.6009 10.6823
R -10.6563 10.8369
L -10.4142 10.8747
R -9.90413 11.2255
L -9.83445 11.1032
R -10.195 10.3498
L -9.3066 11.0348
R -9.2226 10.3527
L -8.78899 11.0707
R -8.83914 10.0319
L -8.62045 10.6577
R -7.91543 11.1157
L -7.51971 11.0005
R -7.25987 10.6458
L -7.15631 10.815
